<?xml version="1.0" encoding="utf-8"?><testsuites name="pytest tests"><testsuite name="pytest" errors="0" failures="0" skipped="0" tests="14" time="0.672" timestamp="2026-02-10T03:10:55.319929+00:00" hostname="agent-env-6372e0ad-e598-47a8-8b6e-57e12ce11f2f"><testcase classname="backend.tests.test_activity_logs.TestActivityLogEndpoint" name="test_01_logs_endpoint_returns_correct_format" time="0.101" /><testcase classname="backend.tests.test_activity_logs.TestActivityLogEndpoint" name="test_02_logs_have_correct_fields" time="0.013" /><testcase classname="backend.tests.test_activity_logs.TestActivityLogEndpoint" name="test_03_pagination_default_limit_50" time="0.014" /><testcase classname="backend.tests.test_activity_logs.TestActivityLogEndpoint" name="test_04_pagination_with_custom_skip_limit" time="0.011" /><testcase classname="backend.tests.test_activity_logs.TestActivityLogEndpoint" name="test_05_action_filter" time="0.011" /><testcase classname="backend.tests.test_activity_logs.TestActivityLogEndpoint" name="test_06_resource_type_filter" time="0.015" /><testcase classname="backend.tests.test_activity_logs.TestActivityLogEndpoint" name="test_07_search_filter" time="0.014" /><testcase classname="backend.tests.test_activity_logs.TestActivityLogEndpoint" name="test_08_date_range_filter" time="0.011" /><testcase classname="backend.tests.test_activity_logs.TestActivityLogEndpoint" name="test_09_combined_filters" time="0.011" /><testcase classname="backend.tests.test_activity_logs.TestActivityLoggingOnActions" name="test_10_login_creates_activity_log" time="0.103" /><testcase classname="backend.tests.test_activity_logs.TestActivityLoggingOnActions" name="test_11_job_create_logs_activity" time="0.071" /><testcase classname="backend.tests.test_activity_logs.TestActivityLoggingOnActions" name="test_12_job_update_logs_activity" time="0.103" /><testcase classname="backend.tests.test_activity_logs.TestActivityLoggingOnActions" name="test_13_job_delete_logs_activity" time="0.104" /><testcase classname="backend.tests.test_activity_logs.TestUnauthorizedAccess" name="test_14_logs_without_auth_returns_401" time="0.037" /></testsuite></testsuites>