<?xml version="1.0" encoding="utf-8"?><testsuites name="pytest tests"><testsuite name="pytest" errors="0" failures="0" skipped="0" tests="8" time="1.237" timestamp="2026-02-09T07:11:54.944044+00:00" hostname="agent-env-9b40ca90-9da6-41fc-8685-f6f093264848"><testcase classname="backend.tests.test_apply_form.TestPublicJobEndpoint" name="test_job_detail_returns_form_fields" time="0.099" /><testcase classname="backend.tests.test_apply_form.TestPublicJobEndpoint" name="test_form_fields_contain_required_fields" time="0.040" /><testcase classname="backend.tests.test_apply_form.TestPublicJobEndpoint" name="test_education_field_has_correct_options" time="0.043" /><testcase classname="backend.tests.test_apply_form.TestWilayahProxyEndpoints" name="test_provinces_endpoint" time="0.230" /><testcase classname="backend.tests.test_apply_form.TestWilayahProxyEndpoints" name="test_regencies_endpoint_dki_jakarta" time="0.149" /><testcase classname="backend.tests.test_apply_form.TestWilayahProxyEndpoints" name="test_districts_endpoint" time="0.286" /><testcase classname="backend.tests.test_apply_form.TestWilayahProxyEndpoints" name="test_villages_endpoint" time="0.292" /><testcase classname="backend.tests.test_apply_form.TestApplicationSubmission" name="test_submit_without_resume_fails" time="0.042" /></testsuite></testsuites>