<?xml version="1.0" encoding="utf-8"?><testsuites name="pytest tests"><testsuite name="pytest" errors="0" failures="0" skipped="0" tests="9" time="6.210" timestamp="2026-02-10T04:10:27.267998+00:00" hostname="agent-env-6372e0ad-e598-47a8-8b6e-57e12ce11f2f"><testcase classname="backend.tests.test_export_applications.TestExportApplications" name="test_export_returns_401_if_not_authenticated" time="0.236" /><testcase classname="backend.tests.test_export_applications.TestExportApplications" name="test_export_returns_400_if_no_application_ids" time="0.114" /><testcase classname="backend.tests.test_export_applications.TestExportApplications" name="test_export_returns_zip_file" time="0.892" /><testcase classname="backend.tests.test_export_applications.TestExportApplications" name="test_zip_contains_excel_file" time="0.963" /><testcase classname="backend.tests.test_export_applications.TestExportApplications" name="test_export_multiple_applications" time="0.958" /><testcase classname="backend.tests.test_export_applications.TestExportApplications" name="test_zip_contains_cv_folder_for_applications_with_resume" time="0.882" /><testcase classname="backend.tests.test_export_applications.TestExportApplications" name="test_export_returns_404_for_invalid_application_ids" time="0.063" /><testcase classname="backend.tests.test_export_applications.TestExportApplications" name="test_export_only_returns_own_company_applications" time="0.979" /><testcase classname="backend.tests.test_export_applications.TestExportApplicationsDataIntegrity" name="test_excel_has_required_columns" time="1.019" /></testsuite></testsuites>