<?xml version="1.0" encoding="utf-8"?><testsuites name="pytest tests"><testsuite name="pytest" errors="0" failures="0" skipped="0" tests="10" time="1.396" timestamp="2026-02-09T06:30:59.824093+00:00" hostname="agent-env-9b40ca90-9da6-41fc-8685-f6f093264848"><testcase classname="backend.tests.test_admin_dashboard.TestCompanyAdminAuth" name="test_unified_login" time="0.094" /><testcase classname="backend.tests.test_admin_dashboard.TestCompanyAdminAuth" name="test_select_company" time="0.086" /><testcase classname="backend.tests.test_admin_dashboard.TestCompanyAdminAuth" name="test_me_session" time="0.099" /><testcase classname="backend.tests.test_admin_dashboard.TestJobsSessionAPI" name="test_get_jobs" time="0.132" /><testcase classname="backend.tests.test_admin_dashboard.TestJobsSessionAPI" name="test_create_job" time="0.202" /><testcase classname="backend.tests.test_admin_dashboard.TestJobsSessionAPI" name="test_update_job" time="0.118" /><testcase classname="backend.tests.test_admin_dashboard.TestJobsSessionAPI" name="test_delete_job" time="0.149" /><testcase classname="backend.tests.test_admin_dashboard.TestApplicationsSessionAPI" name="test_get_applications" time="0.083" /><testcase classname="backend.tests.test_admin_dashboard.TestApplicationsSessionAPI" name="test_get_application_detail" time="0.137" /><testcase classname="backend.tests.test_admin_dashboard.TestApplicationsSessionAPI" name="test_update_application_status" time="0.109" /></testsuite></testsuites>